<?xml version="1.0" encoding="UTF-8"?>
<!-- Generated by org.testng.reporters.JUnitReportReporter -->
<testsuite hostname="Mohameds-MacBook-Pro.local" name="org.codingchallenge.AppTest" tests="3" failures="0" timestamp="12 Feb 2016 21:35:04 GMT" time="0.019" errors="0">
  <testcase name="getSongsListenedTest" time="0.000" classname="org.codingchallenge.AppTest"/>
  <testcase name="getFollowTest" time="0.019" classname="org.codingchallenge.AppTest"/>
  <testcase name="storeDataTest" time="0.000" classname="org.codingchallenge.AppTest"/>
</testsuite> <!-- org.codingchallenge.AppTest -->
